# JRE version: Java(TM) SE Runtime Environment (23.0.2+7) (build 23.0.2+7-58)
# Java VM: Java HotSpot(TM) 64-Bit Server VM (23.0.2+7-58, mixed mode, sharing, tiered, compressed oops, compressed class ptrs, g1 gc, windows-amd64)
GC Precious Log:
 CardTable entry size: 512
 Card Set container configuration: InlinePtr #cards 5 size 8 Array Of Cards #cards 10 size 36 Howl #buckets 4 coarsen threshold 1843 Howl Bitmap #cards 512 size 80 coarsen threshold 460 Card regions per heap region 1 cards per card region 2048
 CPUs: 4 total, 4 available
 Memory: 7926M
 Large Page Support: Disabled
 NUMA Support: Disabled
 Compressed Oops: Enabled (32-bit)
 Heap Region Size: 1M
 Heap Min Capacity: 8M
 Heap Initial Capacity: 124M
 Heap Max Capacity: 2G
 Pre-touch: Disabled
 Parallel Workers: 4
 Concurrent Workers: 1
 Concurrent Refinement Workers: 4
 Periodic GC: Disabled
Heap:
 garbage-first heap   total reserved 2097152K, committed 403456K, used 224037K [0x0000000080000000, 0x0000000100000000)
  region size 1024K, 35 young (35840K), 4 survivors (4096K)
 Metaspace       used 113042K, committed 115712K, reserved 557056K
  class space    used 16427K, committed 17664K, reserved 425984K
GC Heap History (20 events):
Event: 31.597 GC heap before
{Heap before GC invocations=50 (full 0):
 garbage-first heap   total reserved 2097152K, committed 232448K, used 174013K [0x0000000080000000, 0x0000000100000000)
  region size 1024K, 54 young (55296K), 5 survivors (5120K)
 Metaspace       used 104724K, committed 107200K, reserved 557056K
  class space    used 15125K, committed 16256K, reserved 425984K
}
Event: 31.605 GC heap after
{Heap after GC invocations=51 (full 0):
 garbage-first heap   total reserved 2097152K, committed 232448K, used 127971K [0x0000000080000000, 0x0000000100000000)
  region size 1024K, 7 young (7168K), 7 survivors (7168K)
 Metaspace       used 104724K, committed 107200K, reserved 557056K
  class space    used 15125K, committed 16256K, reserved 425984K
}
Event: 33.010 GC heap before
{Heap before GC invocations=52 (full 0):
 garbage-first heap   total reserved 2097152K, committed 232448K, used 210915K [0x0000000080000000, 0x0000000100000000)
  region size 1024K, 85 young (87040K), 7 survivors (7168K)
 Metaspace       used 106453K, committed 108992K, reserved 557056K
  class space    used 15465K, committed 16640K, reserved 425984K
}
Event: 33.026 GC heap after
{Heap after GC invocations=53 (full 0):
 garbage-first heap   total reserved 2097152K, committed 233472K, used 145772K [0x0000000080000000, 0x0000000100000000)
  region size 1024K, 11 young (11264K), 11 survivors (11264K)
 Metaspace       used 106453K, committed 108992K, reserved 557056K
  class space    used 15465K, committed 16640K, reserved 425984K
}
Event: 33.396 GC heap before
{Heap before GC invocations=53 (full 0):
 garbage-first heap   total reserved 2097152K, committed 233472K, used 209260K [0x0000000080000000, 0x0000000100000000)
  region size 1024K, 73 young (74752K), 11 survivors (11264K)
 Metaspace       used 106455K, committed 108992K, reserved 557056K
  class space    used 15465K, committed 16640K, reserved 425984K
}
Event: 33.411 GC heap after
{Heap after GC invocations=54 (full 0):
 garbage-first heap   total reserved 2097152K, committed 233472K, used 147945K [0x0000000080000000, 0x0000000100000000)
  region size 1024K, 4 young (4096K), 4 survivors (4096K)
 Metaspace       used 106455K, committed 108992K, reserved 557056K
  class space    used 15465K, committed 16640K, reserved 425984K
}
Event: 33.814 GC heap before
{Heap before GC invocations=54 (full 0):
 garbage-first heap   total reserved 2097152K, committed 233472K, used 214505K [0x0000000080000000, 0x0000000100000000)
  region size 1024K, 70 young (71680K), 4 survivors (4096K)
 Metaspace       used 106457K, committed 108992K, reserved 557056K
  class space    used 15465K, committed 16640K, reserved 425984K
}
Event: 33.820 GC heap after
{Heap after GC invocations=55 (full 0):
 garbage-first heap   total reserved 2097152K, committed 233472K, used 149178K [0x0000000080000000, 0x0000000100000000)
  region size 1024K, 5 young (5120K), 5 survivors (5120K)
 Metaspace       used 106457K, committed 108992K, reserved 557056K
  class space    used 15465K, committed 16640K, reserved 425984K
}
Event: 34.805 GC heap before
{Heap before GC invocations=56 (full 0):
 garbage-first heap   total reserved 2097152K, committed 249856K, used 217786K [0x0000000080000000, 0x0000000100000000)
  region size 1024K, 69 young (70656K), 5 survivors (5120K)
 Metaspace       used 107564K, committed 110144K, reserved 557056K
  class space    used 15649K, committed 16896K, reserved 425984K
}
Event: 34.817 GC heap after
{Heap after GC invocations=57 (full 0):
 garbage-first heap   total reserved 2097152K, committed 249856K, used 162485K [0x0000000080000000, 0x0000000100000000)
  region size 1024K, 9 young (9216K), 9 survivors (9216K)
 Metaspace       used 107564K, committed 110144K, reserved 557056K
  class space    used 15649K, committed 16896K, reserved 425984K
}
Event: 35.732 GC heap before
{Heap before GC invocations=57 (full 0):
 garbage-first heap   total reserved 2097152K, committed 249856K, used 226997K [0x0000000080000000, 0x0000000100000000)
  region size 1024K, 72 young (73728K), 9 survivors (9216K)
 Metaspace       used 110095K, committed 112704K, reserved 557056K
  class space    used 16059K, committed 17280K, reserved 425984K
}
Event: 35.747 GC heap after
{Heap after GC invocations=58 (full 0):
 garbage-first heap   total reserved 2097152K, committed 249856K, used 166015K [0x0000000080000000, 0x0000000100000000)
  region size 1024K, 5 young (5120K), 5 survivors (5120K)
 Metaspace       used 110095K, committed 112704K, reserved 557056K
  class space    used 16059K, committed 17280K, reserved 425984K
}
Event: 36.574 GC heap before
{Heap before GC invocations=58 (full 0):
 garbage-first heap   total reserved 2097152K, committed 249856K, used 229503K [0x0000000080000000, 0x0000000100000000)
  region size 1024K, 67 young (68608K), 5 survivors (5120K)
 Metaspace       used 112740K, committed 115392K, reserved 557056K
  class space    used 16403K, committed 17664K, reserved 425984K
}
Event: 36.584 GC heap after
{Heap after GC invocations=59 (full 0):
 garbage-first heap   total reserved 2097152K, committed 249856K, used 172032K [0x0000000080000000, 0x0000000100000000)
  region size 1024K, 9 young (9216K), 9 survivors (9216K)
 Metaspace       used 112740K, committed 115392K, reserved 557056K
  class space    used 16403K, committed 17664K, reserved 425984K
}
Event: 37.184 GC heap before
{Heap before GC invocations=60 (full 0):
 garbage-first heap   total reserved 2097152K, committed 286720K, used 226304K [0x0000000080000000, 0x0000000100000000)
  region size 1024K, 62 young (63488K), 9 survivors (9216K)
 Metaspace       used 112847K, committed 115520K, reserved 557056K
  class space    used 16412K, committed 17664K, reserved 425984K
}
Event: 37.215 GC heap after
{Heap after GC invocations=61 (full 0):
 garbage-first heap   total reserved 2097152K, committed 286720K, used 182551K [0x0000000080000000, 0x0000000100000000)
  region size 1024K, 8 young (8192K), 8 survivors (8192K)
 Metaspace       used 112847K, committed 115520K, reserved 557056K
  class space    used 16412K, committed 17664K, reserved 425984K
}
Event: 37.923 GC heap before
{Heap before GC invocations=61 (full 0):
 garbage-first heap   total reserved 2097152K, committed 286720K, used 256279K [0x0000000080000000, 0x0000000100000000)
  region size 1024K, 81 young (82944K), 8 survivors (8192K)
 Metaspace       used 112985K, committed 115648K, reserved 557056K
  class space    used 16420K, committed 17664K, reserved 425984K
}
Event: 37.941 GC heap after
{Heap after GC invocations=62 (full 0):
 garbage-first heap   total reserved 2097152K, committed 286720K, used 190360K [0x0000000080000000, 0x0000000100000000)
  region size 1024K, 9 young (9216K), 9 survivors (9216K)
 Metaspace       used 112985K, committed 115648K, reserved 557056K
  class space    used 16420K, committed 17664K, reserved 425984K
}
Event: 38.431 GC heap before
{Heap before GC invocations=62 (full 0):
 garbage-first heap   total reserved 2097152K, committed 286720K, used 259992K [0x0000000080000000, 0x0000000100000000)
  region size 1024K, 78 young (79872K), 9 survivors (9216K)
 Metaspace       used 112985K, committed 115648K, reserved 557056K
  class space    used 16420K, committed 17664K, reserved 425984K
}
Event: 38.448 GC heap after
{Heap after GC invocations=63 (full 0):
 garbage-first heap   total reserved 2097152K, committed 403456K, used 192293K [0x0000000080000000, 0x0000000100000000)
  region size 1024K, 4 young (4096K), 4 survivors (4096K)
 Metaspace       used 112985K, committed 115648K, reserved 557056K
  class space    used 16420K, committed 17664K, reserved 425984K
}

